<?xml version="1.0" encoding="UTF-8"?>
<coverage generated="1431955539967" clover="4.0.4">
   <project timestamp="1431955395522" name="HotelSoftware Coverage Report">
      <metrics conditionals="24" methods="46" classes="9" files="9" packages="1" coveredstatements="354" complexity="76" loc="1011" ncloc="761" coveredmethods="41" coveredconditionals="20" statements="388" coveredelements="415" elements="458"/>
      <package name="com.amo11k.hotel">
         <metrics classes="9" methods="46" conditionals="24" files="9" ncloc="761" coveredstatements="354" coveredmethods="41" complexity="76" coveredconditionals="20" statements="388" loc="1011" coveredelements="415" elements="458"/>
         <file name="About.java" path="/home/alumnes/1CFSL/alu53381650f/git/AppHotel/HotelSoftware/src/com/amo11k/hotel/About.java">
            <metrics classes="1" methods="3" conditionals="0" ncloc="45" coveredstatements="23" coveredmethods="3" complexity="3" coveredconditionals="0" statements="23" loc="58" coveredelements="26" elements="26"/>
            <class name="About">
               <metrics methods="3" conditionals="0" coveredstatements="23" coveredmethods="3" complexity="3" coveredconditionals="0" statements="23" coveredelements="26" elements="26"/>
            </class>
            <line num="21" count="2" visibility="public" complexity="1" type="method" signature="About()"/>
            <line num="22" count="2" type="stmt"/>
            <line num="23" count="2" type="stmt"/>
            <line num="24" count="2" type="stmt"/>
            <line num="25" count="2" type="stmt"/>
            <line num="26" count="2" type="stmt"/>
            <line num="27" count="2" type="stmt"/>
            <line num="28" count="2" type="stmt"/>
            <line num="30" count="2" type="stmt"/>
            <line num="31" count="2" type="stmt"/>
            <line num="32" count="2" type="stmt"/>
            <line num="34" count="2" type="stmt"/>
            <line num="35" count="2" type="stmt"/>
            <line num="36" count="2" type="stmt"/>
            <line num="38" count="2" type="stmt"/>
            <line num="39" count="2" type="stmt"/>
            <line num="40" count="1" visibility="public" complexity="1" type="method" signature="actionPerformed(ActionEvent) : void"/>
            <line num="42" count="1" type="stmt"/>
            <line num="46" count="2" type="stmt"/>
            <line num="47" count="2" type="stmt"/>
            <line num="49" count="2" type="stmt"/>
            <line num="50" count="2" type="stmt"/>
            <line num="51" count="1" visibility="public" complexity="1" type="method" signature="actionPerformed(ActionEvent) : void"/>
            <line num="52" count="1" type="stmt"/>
            <line num="55" count="2" type="stmt"/>
            <line num="56" count="2" type="stmt"/>
         </file>
         <file name="AppHotel.java" path="/home/alumnes/1CFSL/alu53381650f/git/AppHotel/HotelSoftware/src/com/amo11k/hotel/AppHotel.java">
            <metrics classes="1" methods="13" conditionals="0" ncloc="182" coveredstatements="94" coveredmethods="12" complexity="18" coveredconditionals="0" statements="100" loc="243" coveredelements="106" elements="113"/>
            <class name="AppHotel">
               <metrics methods="13" conditionals="0" coveredstatements="94" coveredmethods="12" complexity="18" coveredconditionals="0" statements="100" coveredelements="106" elements="113"/>
            </class>
            <line num="53" count="3" visibility="public" complexity="1" type="method" signature="main(String[]) : void"/>
            <line num="55" count="3" type="stmt"/>
            <line num="56" count="3" visibility="public" complexity="2" type="method" signature="run() : void"/>
            <line num="57" count="3" type="stmt"/>
            <line num="59" count="3" type="stmt"/>
            <line num="60" count="3" type="stmt"/>
            <line num="61" count="3" type="stmt"/>
            <line num="63" count="0" type="stmt"/>
            <line num="75" count="3" visibility="public" complexity="2" type="method" signature="AppHotel()"/>
            <line num="76" count="3" type="stmt"/>
            <line num="77" count="3" type="stmt"/>
            <line num="78" count="3" type="stmt"/>
            <line num="80" count="1" type="stmt"/>
            <line num="83" count="3" type="stmt"/>
            <line num="85" count="3" type="stmt"/>
            <line num="86" count="3" type="stmt"/>
            <line num="87" count="3" type="stmt"/>
            <line num="88" count="3" type="stmt"/>
            <line num="89" count="3" type="stmt"/>
            <line num="90" count="3" type="stmt"/>
            <line num="91" count="3" type="stmt"/>
            <line num="92" count="3" type="stmt"/>
            <line num="93" count="3" type="stmt"/>
            <line num="94" count="3" type="stmt"/>
            <line num="96" count="3" type="stmt"/>
            <line num="97" count="3" type="stmt"/>
            <line num="98" count="3" visibility="public" complexity="1" type="method" signature="actionPerformed(ActionEvent) : void"/>
            <line num="99" count="3" type="stmt"/>
            <line num="100" count="3" type="stmt"/>
            <line num="101" count="3" type="stmt"/>
            <line num="104" count="3" type="stmt"/>
            <line num="105" count="3" type="stmt"/>
            <line num="107" count="3" type="stmt"/>
            <line num="108" count="3" type="stmt"/>
            <line num="109" count="4" visibility="public" complexity="1" type="method" signature="actionPerformed(ActionEvent) : void"/>
            <line num="110" count="4" type="stmt"/>
            <line num="111" count="4" type="stmt"/>
            <line num="112" count="4" type="stmt"/>
            <line num="115" count="3" type="stmt"/>
            <line num="116" count="3" type="stmt"/>
            <line num="118" count="3" type="stmt"/>
            <line num="119" count="3" type="stmt"/>
            <line num="120" count="1" visibility="public" complexity="1" type="method" signature="actionPerformed(ActionEvent) : void"/>
            <line num="121" count="1" type="stmt"/>
            <line num="122" count="1" type="stmt"/>
            <line num="123" count="1" type="stmt"/>
            <line num="126" count="3" type="stmt"/>
            <line num="127" count="3" type="stmt"/>
            <line num="128" count="3" type="stmt"/>
            <line num="129" count="3" type="stmt"/>
            <line num="130" count="3" type="stmt"/>
            <line num="132" count="3" type="stmt"/>
            <line num="133" count="3" type="stmt"/>
            <line num="134" count="3" type="stmt"/>
            <line num="135" count="3" type="stmt"/>
            <line num="137" count="3" type="stmt"/>
            <line num="138" count="3" type="stmt"/>
            <line num="139" count="3" type="stmt"/>
            <line num="141" count="3" type="stmt"/>
            <line num="142" count="3" type="stmt"/>
            <line num="143" count="3" visibility="public" complexity="1" type="method" signature="actionPerformed(ActionEvent) : void"/>
            <line num="144" count="3" type="stmt"/>
            <line num="149" count="3" type="stmt"/>
            <line num="150" count="3" type="stmt"/>
            <line num="151" count="1" visibility="public" complexity="2" type="method" signature="actionPerformed(ActionEvent) : void"/>
            <line num="152" count="1" type="stmt"/>
            <line num="153" count="1" type="stmt"/>
            <line num="154" count="1" type="stmt"/>
            <line num="155" count="1" type="stmt"/>
            <line num="157" count="0" type="stmt"/>
            <line num="161" count="3" type="stmt"/>
            <line num="163" count="3" type="stmt"/>
            <line num="164" count="3" type="stmt"/>
            <line num="165" count="0" visibility="public" complexity="2" type="method" signature="actionPerformed(ActionEvent) : void"/>
            <line num="166" count="0" type="stmt"/>
            <line num="167" count="0" type="stmt"/>
            <line num="169" count="0" type="stmt"/>
            <line num="173" count="3" type="stmt"/>
            <line num="175" count="3" type="stmt"/>
            <line num="176" count="3" type="stmt"/>
            <line num="177" count="1" visibility="public" complexity="2" type="method" signature="actionPerformed(ActionEvent) : void"/>
            <line num="178" count="1" type="stmt"/>
            <line num="179" count="1" type="stmt"/>
            <line num="180" count="1" type="stmt"/>
            <line num="183" count="0" type="stmt"/>
            <line num="187" count="3" type="stmt"/>
            <line num="188" count="3" type="stmt"/>
            <line num="190" count="3" type="stmt"/>
            <line num="191" count="3" type="stmt"/>
            <line num="192" count="3" type="stmt"/>
            <line num="194" count="3" type="stmt"/>
            <line num="195" count="3" type="stmt"/>
            <line num="196" count="3" visibility="public" complexity="1" type="method" signature="actionPerformed(ActionEvent) : void"/>
            <line num="197" count="3" type="stmt"/>
            <line num="198" count="3" type="stmt"/>
            <line num="199" count="3" type="stmt"/>
            <line num="202" count="3" type="stmt"/>
            <line num="204" count="3" type="stmt"/>
            <line num="205" count="3" type="stmt"/>
            <line num="208" count="3" type="stmt"/>
            <line num="209" count="3" type="stmt"/>
            <line num="210" count="3" type="stmt"/>
            <line num="211" count="3" type="stmt"/>
            <line num="220" count="2" visibility="protected" complexity="1" type="method" signature="writeHotel(Hotel) : void"/>
            <line num="221" count="2" type="stmt"/>
            <line num="222" count="2" type="stmt"/>
            <line num="224" count="2" type="stmt"/>
            <line num="235" count="3" visibility="private" complexity="1" type="method" signature="readHotel() : Hotel"/>
            <line num="236" count="3" type="stmt"/>
            <line num="237" count="2" type="stmt"/>
            <line num="239" count="2" type="stmt"/>
            <line num="240" count="2" type="stmt"/>
            <line num="241" count="2" type="stmt"/>
         </file>
         <file name="Reserva.java" path="/home/alumnes/1CFSL/alu53381650f/git/AppHotel/HotelSoftware/src/com/amo11k/hotel/Reserva.java">
            <metrics classes="1" methods="7" conditionals="12" ncloc="192" coveredstatements="101" coveredmethods="6" complexity="20" coveredconditionals="10" statements="109" loc="223" coveredelements="117" elements="128"/>
            <class name="Reserva">
               <metrics methods="7" conditionals="12" coveredstatements="101" coveredmethods="6" complexity="20" coveredconditionals="10" statements="109" coveredelements="117" elements="128"/>
            </class>
            <line num="55" count="3" visibility="public" complexity="1" type="method" signature="Reserva()"/>
            <line num="56" count="3" type="stmt"/>
            <line num="58" count="3" type="stmt"/>
            <line num="59" count="3" type="stmt"/>
            <line num="60" count="3" type="stmt"/>
            <line num="61" count="3" type="stmt"/>
            <line num="62" count="3" type="stmt"/>
            <line num="63" count="3" type="stmt"/>
            <line num="64" count="3" type="stmt"/>
            <line num="65" count="3" type="stmt"/>
            <line num="67" count="3" type="stmt"/>
            <line num="68" count="3" type="stmt"/>
            <line num="69" count="3" type="stmt"/>
            <line num="70" count="3" type="stmt"/>
            <line num="71" count="3" type="stmt"/>
            <line num="73" count="3" type="stmt"/>
            <line num="74" count="3" type="stmt"/>
            <line num="75" count="3" type="stmt"/>
            <line num="76" count="3" type="stmt"/>
            <line num="78" count="3" type="stmt"/>
            <line num="79" count="3" type="stmt"/>
            <line num="81" count="3" type="stmt"/>
            <line num="82" count="3" type="stmt"/>
            <line num="83" count="3" type="stmt"/>
            <line num="85" count="3" type="stmt"/>
            <line num="86" count="3" type="stmt"/>
            <line num="87" count="3" type="stmt"/>
            <line num="89" count="3" type="stmt"/>
            <line num="90" count="3" type="stmt"/>
            <line num="91" count="3" type="stmt"/>
            <line num="93" count="3" type="stmt"/>
            <line num="94" count="3" type="stmt"/>
            <line num="95" count="3" type="stmt"/>
            <line num="96" count="3" visibility="public" complexity="3" type="method" signature="actionPerformed(ActionEvent) : void"/>
            <line num="97" count="3" type="stmt"/>
            <line num="98" count="3" type="stmt"/>
            <line num="99" count="3" type="stmt"/>
            <line num="100" count="3" type="stmt"/>
            <line num="101" count="3" type="stmt"/>
            <line num="104" count="0" type="stmt"/>
            <line num="107" count="0" type="stmt"/>
            <line num="111" count="3" type="stmt"/>
            <line num="112" count="3" type="stmt"/>
            <line num="114" count="3" type="stmt"/>
            <line num="115" count="3" type="stmt"/>
            <line num="116" count="0" visibility="public" complexity="1" type="method" signature="actionPerformed(ActionEvent) : void"/>
            <line num="117" count="0" type="stmt"/>
            <line num="120" count="3" type="stmt"/>
            <line num="121" count="3" type="stmt"/>
            <line num="123" count="3" type="stmt"/>
            <line num="124" count="3" type="stmt"/>
            <line num="125" count="3" type="stmt"/>
            <line num="126" count="3" type="stmt"/>
            <line num="128" count="3" type="stmt"/>
            <line num="129" count="3" type="stmt"/>
            <line num="130" count="3" type="stmt"/>
            <line num="131" count="3" type="stmt"/>
            <line num="132" count="3" type="stmt"/>
            <line num="134" count="3" type="stmt"/>
            <line num="135" count="3" type="stmt"/>
            <line num="136" count="3" type="stmt"/>
            <line num="137" count="3" type="stmt"/>
            <line num="138" count="3" type="stmt"/>
            <line num="140" count="3" type="stmt"/>
            <line num="141" count="3" type="stmt"/>
            <line num="142" count="3" type="stmt"/>
            <line num="144" count="3" type="stmt"/>
            <line num="145" count="3" type="stmt"/>
            <line num="146" count="3" type="stmt"/>
            <line num="147" count="3" type="stmt"/>
            <line num="150" count="3" visibility="public" complexity="2" type="method" signature="rent(Room,double) : void"/>
            <line num="151" count="3" type="stmt"/>
            <line num="152" count="3" type="stmt"/>
            <line num="153" count="3" type="stmt"/>
            <line num="153" falsecount="2" type="cond" truecount="1"/>
            <line num="154" count="1" type="stmt"/>
            <line num="157" count="2" type="stmt"/>
            <line num="158" count="2" type="stmt"/>
            <line num="159" count="2" type="stmt"/>
            <line num="160" count="2" type="stmt"/>
            <line num="164" count="3" visibility="private" complexity="8" type="method" signature="asignarRoom(Hotel) : Room"/>
            <line num="165" count="3" type="stmt"/>
            <line num="166" count="3" type="stmt"/>
            <line num="167" count="3" type="stmt"/>
            <line num="168" count="3" type="stmt"/>
            <line num="169" count="3" type="stmt"/>
            <line num="170" count="3" type="stmt"/>
            <line num="170" falsecount="3" type="cond" truecount="3"/>
            <line num="171" count="3" type="stmt"/>
            <line num="171" falsecount="3" type="cond" truecount="120"/>
            <line num="172" count="120" type="stmt"/>
            <line num="173" count="120" type="stmt"/>
            <line num="173" falsecount="117" type="cond" truecount="3"/>
            <line num="175" count="3" type="stmt"/>
            <line num="176" count="3" type="stmt"/>
            <line num="177" count="3" type="stmt"/>
            <line num="181" count="3" type="stmt"/>
            <line num="181" falsecount="3" type="cond" truecount="0"/>
            <line num="182" count="0" type="stmt"/>
            <line num="185" count="3" type="stmt"/>
            <line num="188" count="2" visibility="public" complexity="3" type="method" signature="write(Room,double) : void"/>
            <line num="189" count="2" type="stmt"/>
            <line num="190" count="2" type="stmt"/>
            <line num="192" count="2" type="stmt"/>
            <line num="193" count="2" type="stmt"/>
            <line num="194" count="2" type="stmt"/>
            <line num="195" count="2" type="stmt"/>
            <line num="196" count="2" type="stmt"/>
            <line num="197" count="2" type="stmt"/>
            <line num="200" count="0" type="stmt"/>
            <line num="202" count="2" type="stmt"/>
            <line num="203" count="2" type="stmt"/>
            <line num="206" count="0" type="stmt"/>
            <line num="211" count="3" visibility="public" complexity="2" type="method" signature="getPrice() : double"/>
            <line num="212" count="3" type="stmt"/>
            <line num="213" count="3" type="stmt"/>
            <line num="214" count="3" type="stmt"/>
            <line num="214" falsecount="3" type="cond" truecount="0"/>
            <line num="215" count="0" type="stmt"/>
            <line num="216" count="0" type="stmt"/>
            <line num="218" count="3" type="stmt"/>
            <line num="221" count="3" type="stmt"/>
         </file>
         <file name="Visualizador.java" path="/home/alumnes/1CFSL/alu53381650f/git/AppHotel/HotelSoftware/src/com/amo11k/hotel/Visualizador.java">
            <metrics classes="1" methods="4" conditionals="4" ncloc="92" coveredstatements="45" coveredmethods="4" complexity="9" coveredconditionals="2" statements="48" loc="111" coveredelements="51" elements="56"/>
            <class name="Visualizador">
               <metrics methods="4" conditionals="4" coveredstatements="45" coveredmethods="4" complexity="9" coveredconditionals="2" statements="48" coveredelements="51" elements="56"/>
            </class>
            <line num="33" count="4" visibility="public" complexity="1" type="method" signature="Visualizador()"/>
            <line num="34" count="4" type="stmt"/>
            <line num="35" count="4" type="stmt"/>
            <line num="36" count="4" type="stmt"/>
            <line num="37" count="4" type="stmt"/>
            <line num="38" count="4" type="stmt"/>
            <line num="39" count="4" type="stmt"/>
            <line num="40" count="4" type="stmt"/>
            <line num="41" count="4" type="stmt"/>
            <line num="42" count="4" type="stmt"/>
            <line num="44" count="4" type="stmt"/>
            <line num="45" count="4" type="stmt"/>
            <line num="46" count="4" type="stmt"/>
            <line num="47" count="4" type="stmt"/>
            <line num="49" count="4" type="stmt"/>
            <line num="50" count="4" type="stmt"/>
            <line num="51" count="4" visibility="public" complexity="5" type="method" signature="actionPerformed(ActionEvent) : void"/>
            <line num="52" count="4" type="stmt"/>
            <line num="53" count="4" type="stmt"/>
            <line num="54" count="4" type="stmt"/>
            <line num="57" count="0" type="stmt"/>
            <line num="59" count="4" type="stmt"/>
            <line num="60" count="4" type="stmt"/>
            <line num="61" count="4" type="stmt"/>
            <line num="62" count="4" type="stmt"/>
            <line num="63" count="4" type="stmt"/>
            <line num="63" falsecount="0" type="cond" truecount="0"/>
            <line num="64" count="7" type="stmt"/>
            <line num="66" count="4" type="stmt"/>
            <line num="70" count="0" type="stmt"/>
            <line num="72" count="4" type="stmt"/>
            <line num="73" count="4" type="stmt"/>
            <line num="76" count="0" type="stmt"/>
            <line num="81" count="4" type="stmt"/>
            <line num="82" count="4" type="stmt"/>
            <line num="84" count="4" type="stmt"/>
            <line num="85" count="4" type="stmt"/>
            <line num="86" count="4" visibility="public" complexity="1" type="method" signature="actionPerformed(ActionEvent) : void"/>
            <line num="87" count="4" type="stmt"/>
            <line num="90" count="4" type="stmt"/>
            <line num="91" count="4" type="stmt"/>
            <line num="93" count="4" type="stmt"/>
            <line num="94" count="4" type="stmt"/>
            <line num="95" count="4" type="stmt"/>
            <line num="97" count="4" type="stmt"/>
            <line num="98" count="4" type="stmt"/>
            <line num="99" count="5" visibility="public" complexity="2" type="method" signature="actionPerformed(ActionEvent) : void"/>
            <line num="101" count="5" type="stmt"/>
            <line num="102" count="5" type="stmt"/>
            <line num="102" falsecount="5" type="cond" truecount="200"/>
            <line num="103" count="200" type="stmt"/>
            <line num="105" count="5" type="stmt"/>
            <line num="108" count="4" type="stmt"/>
            <line num="109" count="4" type="stmt"/>
         </file>
         <file name="Dialog.java" path="/home/alumnes/1CFSL/alu53381650f/git/AppHotel/HotelSoftware/src/com/amo11k/hotel/Dialog.java">
            <metrics classes="1" methods="2" conditionals="0" ncloc="59" coveredstatements="25" coveredmethods="2" complexity="2" coveredconditionals="0" statements="25" loc="71" coveredelements="27" elements="27"/>
            <class name="Dialog">
               <metrics methods="2" conditionals="0" coveredstatements="25" coveredmethods="2" complexity="2" coveredconditionals="0" statements="25" coveredelements="27" elements="27"/>
            </class>
            <line num="31" count="2" visibility="public" complexity="1" type="method" signature="Dialog()"/>
            <line num="32" count="2" type="stmt"/>
            <line num="33" count="2" type="stmt"/>
            <line num="34" count="2" type="stmt"/>
            <line num="35" count="2" type="stmt"/>
            <line num="36" count="2" type="stmt"/>
            <line num="37" count="2" type="stmt"/>
            <line num="38" count="2" type="stmt"/>
            <line num="39" count="2" type="stmt"/>
            <line num="41" count="2" type="stmt"/>
            <line num="42" count="2" type="stmt"/>
            <line num="45" count="2" type="stmt"/>
            <line num="46" count="2" type="stmt"/>
            <line num="47" count="2" type="stmt"/>
            <line num="48" count="2" type="stmt"/>
            <line num="49" count="2" type="stmt"/>
            <line num="50" count="2" type="stmt"/>
            <line num="54" count="2" type="stmt"/>
            <line num="55" count="2" type="stmt"/>
            <line num="56" count="2" type="stmt"/>
            <line num="58" count="2" type="stmt"/>
            <line num="59" count="2" type="stmt"/>
            <line num="60" count="2" visibility="public" complexity="1" type="method" signature="actionPerformed(ActionEvent) : void"/>
            <line num="61" count="2" type="stmt"/>
            <line num="64" count="2" type="stmt"/>
            <line num="65" count="2" type="stmt"/>
            <line num="66" count="2" type="stmt"/>
         </file>
         <file name="Error.java" path="/home/alumnes/1CFSL/alu53381650f/git/AppHotel/HotelSoftware/src/com/amo11k/hotel/Error.java">
            <metrics classes="1" methods="2" conditionals="0" ncloc="40" coveredstatements="0" coveredmethods="0" complexity="2" coveredconditionals="0" statements="16" loc="49" coveredelements="0" elements="18"/>
            <class name="Error">
               <metrics methods="2" conditionals="0" coveredstatements="0" coveredmethods="0" complexity="2" coveredconditionals="0" statements="16" coveredelements="0" elements="18"/>
            </class>
            <line num="21" count="0" visibility="public" complexity="1" type="method" signature="Error()"/>
            <line num="22" count="0" type="stmt"/>
            <line num="23" count="0" type="stmt"/>
            <line num="24" count="0" type="stmt"/>
            <line num="25" count="0" type="stmt"/>
            <line num="26" count="0" type="stmt"/>
            <line num="28" count="0" type="stmt"/>
            <line num="29" count="0" type="stmt"/>
            <line num="32" count="0" type="stmt"/>
            <line num="33" count="0" type="stmt"/>
            <line num="34" count="0" type="stmt"/>
            <line num="36" count="0" type="stmt"/>
            <line num="37" count="0" type="stmt"/>
            <line num="38" count="0" visibility="public" complexity="1" type="method" signature="actionPerformed(ActionEvent) : void"/>
            <line num="39" count="0" type="stmt"/>
            <line num="42" count="0" type="stmt"/>
            <line num="43" count="0" type="stmt"/>
            <line num="44" count="0" type="stmt"/>
         </file>
         <file name="Room.java" path="/home/alumnes/1CFSL/alu53381650f/git/AppHotel/HotelSoftware/src/com/amo11k/hotel/Room.java">
            <metrics classes="1" methods="9" conditionals="4" ncloc="59" coveredstatements="28" coveredmethods="9" complexity="14" coveredconditionals="4" statements="28" loc="114" coveredelements="41" elements="41"/>
            <class name="Room">
               <metrics methods="9" conditionals="4" coveredstatements="28" coveredmethods="9" complexity="14" coveredconditionals="4" statements="28" coveredelements="41" elements="41"/>
            </class>
            <line num="15" count="1" visibility="public" complexity="1" type="method" signature="Room()"/>
            <line num="27" count="40" visibility="public" complexity="2" type="method" signature="Room(int,int)"/>
            <line num="28" count="40" type="stmt"/>
            <line num="29" count="40" type="stmt"/>
            <line num="30" count="40" type="stmt"/>
            <line num="31" count="40" type="stmt"/>
            <line num="31" falsecount="20" type="cond" truecount="20"/>
            <line num="32" count="20" type="stmt"/>
            <line num="34" count="20" type="stmt"/>
            <line num="44" count="202" visibility="public" complexity="4" type="method" signature="getType(int) : String"/>
            <line num="45" count="202" type="stmt"/>
            <line num="46" count="202" type="stmt"/>
            <line num="47" count="79" type="stmt"/>
            <line num="48" count="79" type="stmt"/>
            <line num="49" count="79" type="stmt"/>
            <line num="50" count="57" type="stmt"/>
            <line num="51" count="57" type="stmt"/>
            <line num="52" count="57" type="stmt"/>
            <line num="53" count="66" type="stmt"/>
            <line num="54" count="66" type="stmt"/>
            <line num="55" count="66" type="stmt"/>
            <line num="57" count="202" type="stmt"/>
            <line num="64" count="322" visibility="public" complexity="1" type="method" signature="getTypeInt() : int"/>
            <line num="65" count="322" type="stmt"/>
            <line num="72" count="202" visibility="public" complexity="2" type="method" signature="getSmoke() : String"/>
            <line num="73" count="202" type="stmt"/>
            <line num="74" count="202" type="stmt"/>
            <line num="74" falsecount="101" type="cond" truecount="101"/>
            <line num="75" count="101" type="stmt"/>
            <line num="77" count="101" type="stmt"/>
            <line num="79" count="202" type="stmt"/>
            <line num="86" count="41" visibility="public" complexity="1" type="method" signature="getSmokeBoolean() : boolean"/>
            <line num="87" count="41" type="stmt"/>
            <line num="94" count="244" visibility="public" complexity="1" type="method" signature="getDisponible() : boolean"/>
            <line num="95" count="244" type="stmt"/>
            <line num="102" count="3" visibility="public" complexity="1" type="method" signature="setDisponible(boolean) : void"/>
            <line num="103" count="3" type="stmt"/>
            <line num="110" count="202" visibility="public" complexity="1" type="method" signature="toString() : String"/>
            <line num="111" count="202" type="stmt"/>
         </file>
         <file name="Hotel.java" path="/home/alumnes/1CFSL/alu53381650f/git/AppHotel/HotelSoftware/src/com/amo11k/hotel/Hotel.java">
            <metrics classes="1" methods="3" conditionals="2" ncloc="27" coveredstatements="6" coveredmethods="2" complexity="4" coveredconditionals="2" statements="7" loc="56" coveredelements="10" elements="12"/>
            <class name="Hotel">
               <metrics methods="3" conditionals="2" coveredstatements="6" coveredmethods="2" complexity="4" coveredconditionals="2" statements="7" coveredelements="10" elements="12"/>
            </class>
            <line num="29" count="1" visibility="public" complexity="2" type="method" signature="Hotel()"/>
            <line num="30" count="1" type="stmt"/>
            <line num="30" falsecount="1" type="cond" truecount="40"/>
            <line num="31" count="40" type="stmt"/>
            <line num="32" count="40" type="stmt"/>
            <line num="33" count="40" type="stmt"/>
            <line num="42" count="320" visibility="public" complexity="1" type="method" signature="getRoomAt(int) : Room"/>
            <line num="43" count="320" type="stmt"/>
            <line num="44" count="320" type="stmt"/>
            <line num="52" count="0" visibility="public" complexity="1" type="method" signature="getDisponible(int) : boolean"/>
            <line num="53" count="0" type="stmt"/>
         </file>
         <file name="Catalogo.java" path="/home/alumnes/1CFSL/alu53381650f/git/AppHotel/HotelSoftware/src/com/amo11k/hotel/Catalogo.java">
            <metrics classes="1" methods="3" conditionals="2" ncloc="65" coveredstatements="32" coveredmethods="3" complexity="4" coveredconditionals="2" statements="32" loc="86" coveredelements="37" elements="37"/>
            <class name="Catalogo">
               <metrics methods="3" conditionals="2" coveredstatements="32" coveredmethods="3" complexity="4" coveredconditionals="2" statements="32" coveredelements="37" elements="37"/>
            </class>
            <line num="32" count="1" visibility="public" complexity="1" type="method" signature="Catalogo()"/>
            <line num="33" count="1" type="stmt"/>
            <line num="34" count="1" type="stmt"/>
            <line num="35" count="1" type="stmt"/>
            <line num="36" count="1" type="stmt"/>
            <line num="37" count="1" type="stmt"/>
            <line num="38" count="1" type="stmt"/>
            <line num="39" count="1" type="stmt"/>
            <line num="40" count="1" type="stmt"/>
            <line num="41" count="1" type="stmt"/>
            <line num="43" count="1" type="stmt"/>
            <line num="44" count="1" type="stmt"/>
            <line num="45" count="1" type="stmt"/>
            <line num="46" count="1" type="stmt"/>
            <line num="47" count="1" type="stmt"/>
            <line num="48" count="1" type="stmt"/>
            <line num="49" count="1" type="stmt"/>
            <line num="50" count="1" type="stmt"/>
            <line num="52" count="1" type="stmt"/>
            <line num="53" count="1" type="stmt"/>
            <line num="54" count="1" type="stmt"/>
            <line num="55" count="1" type="stmt"/>
            <line num="56" count="1" type="stmt"/>
            <line num="57" count="1" type="stmt"/>
            <line num="59" count="1" type="stmt"/>
            <line num="67" count="1" visibility="public" complexity="1" type="method" signature="init() : void"/>
            <line num="68" count="1" type="stmt"/>
            <line num="70" count="591" visibility="public" complexity="2" type="method" signature="actionPerformed(ActionEvent) : void"/>
            <line num="72" count="591" type="stmt"/>
            <line num="73" count="591" type="stmt"/>
            <line num="74" count="591" type="stmt"/>
            <line num="75" count="591" type="stmt"/>
            <line num="75" falsecount="590" type="cond" truecount="1"/>
            <line num="77" count="1" type="stmt"/>
            <line num="78" count="1" type="stmt"/>
            <line num="84" count="1" type="stmt"/>
         </file>
      </package>
   </project>
   <testproject timestamp="1431955395522" name="HotelSoftware Coverage Report">
      <metrics conditionals="0" methods="0" classes="0" files="0" packages="0" coveredstatements="0" complexity="0" loc="0" ncloc="0" coveredmethods="0" coveredconditionals="0" statements="0" coveredelements="0" elements="0"/>
   </testproject>
</coverage>